<?xml version="1.0" encoding="UTF-8"?>
<!-- Generated by org.testng.reporters.JUnitReportReporter -->
<testsuite skipped="0" hostname="LH7U05CG7300QJQ" name="example.NewTest" tests="2" failures="0" timestamp="24 Oct 2018 07:17:16 GMT" time="0.000" errors="0">
  <testcase name="hello" time="0.000" classname="example.NewTest"/>
  <testcase name="f" time="0.000" classname="example.NewTest"/>
</testsuite> <!-- example.NewTest -->
